This file contains any messages produced by compilers while
running configure, to aid debugging if configure makes a mistake.

It was created by iipsrv configure 1.0, which was
generated by GNU Autoconf 2.69.  Invocation command line was

  $ ./configure --with-openjpeg=/home/adam/Documents/openjpeg-2.0.1 --no-create --no-recursion

## --------- ##
## Platform. ##
## --------- ##

hostname = adam-PC
uname -m = x86_64
uname -r = 3.2.0-4-amd64
uname -s = Linux
uname -v = #1 SMP Debian 3.2.51-1

/usr/bin/uname -p = unknown
/bin/uname -X     = unknown

/bin/arch              = unknown
/usr/bin/arch -k       = unknown
/usr/convex/getsysinfo = unknown
/usr/bin/hostinfo      = unknown
/bin/machine           = unknown
/usr/bin/oslevel       = unknown
/bin/universe          = unknown

PATH: /usr/local/sbin
PATH: /usr/local/bin
PATH: /usr/sbin
PATH: /usr/bin
PATH: /sbin
PATH: /bin


## ----------- ##
## Core tests. ##
## ----------- ##

configure:2468: checking for a BSD-compatible install
configure:2536: result: /usr/bin/install -c
configure:2547: checking whether build environment is sane
configure:2597: result: yes
configure:2738: checking for a thread-safe mkdir -p
configure:2777: result: /bin/mkdir -p
configure:2790: checking for gawk
configure:2820: result: no
configure:2790: checking for mawk
configure:2806: found /usr/bin/mawk
configure:2817: result: mawk
configure:2828: checking whether make sets $(MAKE)
configure:2850: result: yes
configure:2994: checking for g++
configure:3010: found /usr/bin/g++
configure:3021: result: g++
configure:3048: checking for C++ compiler version
configure:3057: g++ --version >&5
g++ (Debian 4.7.2-5) 4.7.2
Copyright (C) 2012 Free Software Foundation, Inc.
This is free software; see the source for copying conditions.  There is NO
warranty; not even for MERCHANTABILITY or FITNESS FOR A PARTICULAR PURPOSE.

configure:3068: $? = 0
configure:3057: g++ -v >&5
Using built-in specs.
COLLECT_GCC=g++
COLLECT_LTO_WRAPPER=/usr/lib/gcc/x86_64-linux-gnu/4.7/lto-wrapper
Target: x86_64-linux-gnu
Configured with: ../src/configure -v --with-pkgversion='Debian 4.7.2-5' --with-bugurl=file:///usr/share/doc/gcc-4.7/README.Bugs --enable-languages=c,c++,go,fortran,objc,obj-c++ --prefix=/usr --program-suffix=-4.7 --enable-shared --enable-linker-build-id --with-system-zlib --libexecdir=/usr/lib --without-included-gettext --enable-threads=posix --with-gxx-include-dir=/usr/include/c++/4.7 --libdir=/usr/lib --enable-nls --with-sysroot=/ --enable-clocale=gnu --enable-libstdcxx-debug --enable-libstdcxx-time=yes --enable-gnu-unique-object --enable-plugin --enable-objc-gc --with-arch-32=i586 --with-tune=generic --enable-checking=release --build=x86_64-linux-gnu --host=x86_64-linux-gnu --target=x86_64-linux-gnu
Thread model: posix
gcc version 4.7.2 (Debian 4.7.2-5) 
configure:3068: $? = 0
configure:3057: g++ -V >&5
g++: error: unrecognized command line option '-V'
g++: fatal error: no input files
compilation terminated.
configure:3068: $? = 4
configure:3057: g++ -qversion >&5
g++: error: unrecognized command line option '-qversion'
g++: fatal error: no input files
compilation terminated.
configure:3068: $? = 4
configure:3088: checking whether the C++ compiler works
configure:3110: g++    conftest.cpp  >&5
configure:3114: $? = 0
configure:3162: result: yes
configure:3165: checking for C++ compiler default output file name
configure:3167: result: a.out
configure:3173: checking for suffix of executables
configure:3180: g++ -o conftest    conftest.cpp  >&5
configure:3184: $? = 0
configure:3206: result: 
configure:3228: checking whether we are cross compiling
configure:3236: g++ -o conftest    conftest.cpp  >&5
configure:3240: $? = 0
configure:3247: ./conftest
configure:3251: $? = 0
configure:3266: result: no
configure:3271: checking for suffix of object files
configure:3293: g++ -c   conftest.cpp >&5
configure:3297: $? = 0
configure:3318: result: o
configure:3322: checking whether we are using the GNU C++ compiler
configure:3341: g++ -c   conftest.cpp >&5
configure:3341: $? = 0
configure:3350: result: yes
configure:3359: checking whether g++ accepts -g
configure:3379: g++ -c -g  conftest.cpp >&5
configure:3379: $? = 0
configure:3420: result: yes
configure:3454: checking for style of include used by make
configure:3482: result: GNU
configure:3508: checking dependency style of g++
configure:3619: result: gcc3
configure:3638: checking for gawk
configure:3665: result: mawk
configure:3724: checking for gcc
configure:3740: found /usr/bin/gcc
configure:3751: result: gcc
configure:3980: checking for C compiler version
configure:3989: gcc --version >&5
gcc (Debian 4.7.2-5) 4.7.2
Copyright (C) 2012 Free Software Foundation, Inc.
This is free software; see the source for copying conditions.  There is NO
warranty; not even for MERCHANTABILITY or FITNESS FOR A PARTICULAR PURPOSE.

configure:4000: $? = 0
configure:3989: gcc -v >&5
Using built-in specs.
COLLECT_GCC=gcc
COLLECT_LTO_WRAPPER=/usr/lib/gcc/x86_64-linux-gnu/4.7/lto-wrapper
Target: x86_64-linux-gnu
Configured with: ../src/configure -v --with-pkgversion='Debian 4.7.2-5' --with-bugurl=file:///usr/share/doc/gcc-4.7/README.Bugs --enable-languages=c,c++,go,fortran,objc,obj-c++ --prefix=/usr --program-suffix=-4.7 --enable-shared --enable-linker-build-id --with-system-zlib --libexecdir=/usr/lib --without-included-gettext --enable-threads=posix --with-gxx-include-dir=/usr/include/c++/4.7 --libdir=/usr/lib --enable-nls --with-sysroot=/ --enable-clocale=gnu --enable-libstdcxx-debug --enable-libstdcxx-time=yes --enable-gnu-unique-object --enable-plugin --enable-objc-gc --with-arch-32=i586 --with-tune=generic --enable-checking=release --build=x86_64-linux-gnu --host=x86_64-linux-gnu --target=x86_64-linux-gnu
Thread model: posix
gcc version 4.7.2 (Debian 4.7.2-5) 
configure:4000: $? = 0
configure:3989: gcc -V >&5
gcc: error: unrecognized command line option '-V'
gcc: fatal error: no input files
compilation terminated.
configure:4000: $? = 4
configure:3989: gcc -qversion >&5
gcc: error: unrecognized command line option '-qversion'
gcc: fatal error: no input files
compilation terminated.
configure:4000: $? = 4
configure:4004: checking whether we are using the GNU C compiler
configure:4023: gcc -c   conftest.c >&5
configure:4023: $? = 0
configure:4032: result: yes
configure:4041: checking whether gcc accepts -g
configure:4061: gcc -c -g  conftest.c >&5
configure:4061: $? = 0
configure:4102: result: yes
configure:4119: checking for gcc option to accept ISO C89
configure:4182: gcc  -c -g -O2  conftest.c >&5
configure:4182: $? = 0
configure:4195: result: none needed
configure:4217: checking dependency style of gcc
configure:4328: result: gcc3
configure:4348: checking how to run the C preprocessor
configure:4379: gcc -E  conftest.c
configure:4379: $? = 0
configure:4393: gcc -E  conftest.c
conftest.c:11:28: fatal error: ac_nonexistent.h: No such file or directory
compilation terminated.
configure:4393: $? = 1
configure: failed program was:
| /* confdefs.h */
| #define PACKAGE_NAME "iipsrv"
| #define PACKAGE_TARNAME "iipsrv"
| #define PACKAGE_VERSION "1.0"
| #define PACKAGE_STRING "iipsrv 1.0"
| #define PACKAGE_BUGREPORT "ruven@users.sourceforge.net"
| #define PACKAGE_URL ""
| #define PACKAGE "iipsrv"
| #define VERSION "1.0"
| /* end confdefs.h.  */
| #include <ac_nonexistent.h>
configure:4418: result: gcc -E
configure:4438: gcc -E  conftest.c
configure:4438: $? = 0
configure:4452: gcc -E  conftest.c
conftest.c:11:28: fatal error: ac_nonexistent.h: No such file or directory
compilation terminated.
configure:4452: $? = 1
configure: failed program was:
| /* confdefs.h */
| #define PACKAGE_NAME "iipsrv"
| #define PACKAGE_TARNAME "iipsrv"
| #define PACKAGE_VERSION "1.0"
| #define PACKAGE_STRING "iipsrv 1.0"
| #define PACKAGE_BUGREPORT "ruven@users.sourceforge.net"
| #define PACKAGE_URL ""
| #define PACKAGE "iipsrv"
| #define VERSION "1.0"
| /* end confdefs.h.  */
| #include <ac_nonexistent.h>
configure:4524: checking for ranlib
configure:4540: found /usr/bin/ranlib
configure:4551: result: ranlib
configure:4573: checking whether ln -s works
configure:4577: result: yes
configure:4584: checking whether make sets $(MAKE)
configure:4606: result: yes
configure:4616: checking whether gcc and cc understand -c and -o together
configure:4647: gcc -c conftest.c -o conftest2.o >&5
configure:4651: $? = 0
configure:4657: gcc -c conftest.c -o conftest2.o >&5
configure:4661: $? = 0
configure:4672: cc -c conftest.c >&5
configure:4676: $? = 0
configure:4684: cc -c conftest.c -o conftest2.o >&5
configure:4688: $? = 0
configure:4694: cc -c conftest.c -o conftest2.o >&5
configure:4698: $? = 0
configure:4716: result: yes
configure:4744: checking for grep that handles long lines and -e
configure:4802: result: /bin/grep
configure:4807: checking for egrep
configure:4869: result: /bin/grep -E
configure:4874: checking for ANSI C header files
configure:4894: gcc -c -g -O2  conftest.c >&5
configure:4894: $? = 0
configure:4967: gcc -o conftest -g -O2   conftest.c  >&5
configure:4967: $? = 0
configure:4967: ./conftest
configure:4967: $? = 0
configure:4978: result: yes
configure:4991: checking for sys/types.h
configure:4991: gcc -c -g -O2  conftest.c >&5
configure:4991: $? = 0
configure:4991: result: yes
configure:4991: checking for sys/stat.h
configure:4991: gcc -c -g -O2  conftest.c >&5
configure:4991: $? = 0
configure:4991: result: yes
configure:4991: checking for stdlib.h
configure:4991: gcc -c -g -O2  conftest.c >&5
configure:4991: $? = 0
configure:4991: result: yes
configure:4991: checking for string.h
configure:4991: gcc -c -g -O2  conftest.c >&5
configure:4991: $? = 0
configure:4991: result: yes
configure:4991: checking for memory.h
configure:4991: gcc -c -g -O2  conftest.c >&5
configure:4991: $? = 0
configure:4991: result: yes
configure:4991: checking for strings.h
configure:4991: gcc -c -g -O2  conftest.c >&5
configure:4991: $? = 0
configure:4991: result: yes
configure:4991: checking for inttypes.h
configure:4991: gcc -c -g -O2  conftest.c >&5
configure:4991: $? = 0
configure:4991: result: yes
configure:4991: checking for stdint.h
configure:4991: gcc -c -g -O2  conftest.c >&5
configure:4991: $? = 0
configure:4991: result: yes
configure:4991: checking for unistd.h
configure:4991: gcc -c -g -O2  conftest.c >&5
configure:4991: $? = 0
configure:4991: result: yes
configure:5003: checking for stdbool.h that conforms to C99
configure:5070: gcc -c -g -O2  conftest.c >&5
configure:5070: $? = 0
configure:5077: result: yes
configure:5079: checking for _Bool
configure:5079: gcc -c -g -O2  conftest.c >&5
configure:5079: $? = 0
configure:5079: gcc -c -g -O2  conftest.c >&5
conftest.c: In function 'main':
conftest.c:57:20: error: expected expression before ')' token
configure:5079: $? = 1
configure: failed program was:
| /* confdefs.h */
| #define PACKAGE_NAME "iipsrv"
| #define PACKAGE_TARNAME "iipsrv"
| #define PACKAGE_VERSION "1.0"
| #define PACKAGE_STRING "iipsrv 1.0"
| #define PACKAGE_BUGREPORT "ruven@users.sourceforge.net"
| #define PACKAGE_URL ""
| #define PACKAGE "iipsrv"
| #define VERSION "1.0"
| #define STDC_HEADERS 1
| #define HAVE_SYS_TYPES_H 1
| #define HAVE_SYS_STAT_H 1
| #define HAVE_STDLIB_H 1
| #define HAVE_STRING_H 1
| #define HAVE_MEMORY_H 1
| #define HAVE_STRINGS_H 1
| #define HAVE_INTTYPES_H 1
| #define HAVE_STDINT_H 1
| #define HAVE_UNISTD_H 1
| /* end confdefs.h.  */
| #include <stdio.h>
| #ifdef HAVE_SYS_TYPES_H
| # include <sys/types.h>
| #endif
| #ifdef HAVE_SYS_STAT_H
| # include <sys/stat.h>
| #endif
| #ifdef STDC_HEADERS
| # include <stdlib.h>
| # include <stddef.h>
| #else
| # ifdef HAVE_STDLIB_H
| #  include <stdlib.h>
| # endif
| #endif
| #ifdef HAVE_STRING_H
| # if !defined STDC_HEADERS && defined HAVE_MEMORY_H
| #  include <memory.h>
| # endif
| # include <string.h>
| #endif
| #ifdef HAVE_STRINGS_H
| # include <strings.h>
| #endif
| #ifdef HAVE_INTTYPES_H
| # include <inttypes.h>
| #endif
| #ifdef HAVE_STDINT_H
| # include <stdint.h>
| #endif
| #ifdef HAVE_UNISTD_H
| # include <unistd.h>
| #endif
| int
| main ()
| {
| if (sizeof ((_Bool)))
| 	    return 0;
|   ;
|   return 0;
| }
configure:5079: result: yes
configure:5096: checking for inline
configure:5112: gcc -c -g -O2  conftest.c >&5
configure:5112: $? = 0
configure:5120: result: inline
configure:5138: checking for size_t
configure:5138: gcc -c -g -O2  conftest.c >&5
configure:5138: $? = 0
configure:5138: gcc -c -g -O2  conftest.c >&5
conftest.c: In function 'main':
conftest.c:59:21: error: expected expression before ')' token
configure:5138: $? = 1
configure: failed program was:
| /* confdefs.h */
| #define PACKAGE_NAME "iipsrv"
| #define PACKAGE_TARNAME "iipsrv"
| #define PACKAGE_VERSION "1.0"
| #define PACKAGE_STRING "iipsrv 1.0"
| #define PACKAGE_BUGREPORT "ruven@users.sourceforge.net"
| #define PACKAGE_URL ""
| #define PACKAGE "iipsrv"
| #define VERSION "1.0"
| #define STDC_HEADERS 1
| #define HAVE_SYS_TYPES_H 1
| #define HAVE_SYS_STAT_H 1
| #define HAVE_STDLIB_H 1
| #define HAVE_STRING_H 1
| #define HAVE_MEMORY_H 1
| #define HAVE_STRINGS_H 1
| #define HAVE_INTTYPES_H 1
| #define HAVE_STDINT_H 1
| #define HAVE_UNISTD_H 1
| #define HAVE__BOOL 1
| #define HAVE_STDBOOL_H 1
| /* end confdefs.h.  */
| #include <stdio.h>
| #ifdef HAVE_SYS_TYPES_H
| # include <sys/types.h>
| #endif
| #ifdef HAVE_SYS_STAT_H
| # include <sys/stat.h>
| #endif
| #ifdef STDC_HEADERS
| # include <stdlib.h>
| # include <stddef.h>
| #else
| # ifdef HAVE_STDLIB_H
| #  include <stdlib.h>
| # endif
| #endif
| #ifdef HAVE_STRING_H
| # if !defined STDC_HEADERS && defined HAVE_MEMORY_H
| #  include <memory.h>
| # endif
| # include <string.h>
| #endif
| #ifdef HAVE_STRINGS_H
| # include <strings.h>
| #endif
| #ifdef HAVE_INTTYPES_H
| # include <inttypes.h>
| #endif
| #ifdef HAVE_STDINT_H
| # include <stdint.h>
| #endif
| #ifdef HAVE_UNISTD_H
| # include <unistd.h>
| #endif
| int
| main ()
| {
| if (sizeof ((size_t)))
| 	    return 0;
|   ;
|   return 0;
| }
configure:5138: result: yes
configure:5179: checking build system type
configure:5193: result: x86_64-unknown-linux-gnu
configure:5213: checking host system type
configure:5226: result: x86_64-unknown-linux-gnu
configure:5267: checking how to print strings
configure:5294: result: printf
configure:5315: checking for a sed that does not truncate output
configure:5379: result: /bin/sed
configure:5397: checking for fgrep
configure:5459: result: /bin/grep -F
configure:5494: checking for ld used by gcc
configure:5561: result: /usr/bin/ld
configure:5568: checking if the linker (/usr/bin/ld) is GNU ld
configure:5583: result: yes
configure:5595: checking for BSD- or MS-compatible name lister (nm)
configure:5644: result: /usr/bin/nm -B
configure:5774: checking the name lister (/usr/bin/nm -B) interface
configure:5781: gcc -c -g -O2  conftest.c >&5
configure:5784: /usr/bin/nm -B "conftest.o"
configure:5787: output
0000000000000000 B some_variable
configure:5794: result: BSD nm
configure:5798: checking the maximum length of command line arguments
configure:5923: result: 3458764513820540925
configure:5940: checking whether the shell understands some XSI constructs
configure:5950: result: yes
configure:5954: checking whether the shell understands "+="
configure:5960: result: yes
configure:5995: checking for /usr/bin/ld option to reload object files
configure:6002: result: -r
configure:6071: checking for objdump
configure:6087: found /usr/bin/objdump
configure:6098: result: objdump
configure:6130: checking how to recognize dependent libraries
configure:6332: result: pass_all
configure:6392: checking for ar
configure:6408: found /usr/bin/ar
configure:6419: result: ar
configure:6497: checking for strip
configure:6513: found /usr/bin/strip
configure:6524: result: strip
configure:6596: checking for ranlib
configure:6623: result: ranlib
configure:6725: checking command to parse /usr/bin/nm -B output from gcc object
configure:6843: gcc -c -g -O2  conftest.c >&5
configure:6846: $? = 0
configure:6850: /usr/bin/nm -B conftest.o \| sed -n -e 's/^.*[ ]\([ABCDGIRSTW][ABCDGIRSTW]*\)[ ][ ]*\([_A-Za-z][_A-Za-z0-9]*\)$/\1 \2 \2/p' \> conftest.nm
configure:6853: $? = 0
configure:6907: gcc -o conftest -g -O2   conftest.c conftstm.o >&5
configure:6910: $? = 0
configure:6948: result: ok
configure:7043: gcc -c -g -O2  conftest.c >&5
configure:7046: $? = 0
configure:7785: checking for dlfcn.h
configure:7785: gcc -c -g -O2  conftest.c >&5
configure:7785: $? = 0
configure:7785: result: yes
configure:7973: checking for objdir
configure:7988: result: .libs
configure:8259: checking if gcc supports -fno-rtti -fno-exceptions
configure:8277: gcc -c -g -O2  -fno-rtti -fno-exceptions conftest.c >&5
cc1: warning: command line option '-fno-rtti' is valid for C++/ObjC++ but not for C [enabled by default]
configure:8281: $? = 0
configure:8294: result: no
configure:8314: checking for gcc option to produce PIC
configure:8599: result: -fPIC -DPIC
configure:8611: checking if gcc PIC flag -fPIC -DPIC works
configure:8629: gcc -c -g -O2  -fPIC -DPIC -DPIC conftest.c >&5
configure:8633: $? = 0
configure:8646: result: yes
configure:8670: checking if gcc static flag -static works
configure:8698: result: yes
configure:8713: checking if gcc supports -c -o file.o
configure:8734: gcc -c -g -O2  -o out/conftest2.o conftest.c >&5
configure:8738: $? = 0
configure:8760: result: yes
configure:8768: checking if gcc supports -c -o file.o
configure:8815: result: yes
configure:8848: checking whether the gcc linker (/usr/bin/ld -m elf_x86_64) supports shared libraries
configure:9923: result: yes
configure:9960: checking whether -lc should be explicitly linked in
configure:9968: gcc -c -g -O2  conftest.c >&5
configure:9971: $? = 0
configure:9986: gcc -shared conftest.o  -v -Wl,-soname -Wl,conftest -o conftest 2\>\&1 \| /bin/grep  -lc  \>/dev/null 2\>\&1
configure:9989: $? = 0
configure:10003: result: no
configure:10168: checking dynamic linker characteristics
configure:10636: gcc -o conftest -g -O2   -Wl,-rpath -Wl,/foo conftest.c  >&5
configure:10636: $? = 0
configure:10858: result: GNU/Linux ld.so
configure:10965: checking how to hardcode library paths into programs
configure:10990: result: immediate
configure:11530: checking whether stripping libraries is possible
configure:11535: result: yes
configure:11570: checking if libtool supports shared libraries
configure:11572: result: yes
configure:11575: checking whether to build shared libraries
configure:11596: result: yes
configure:11599: checking whether to build static libraries
configure:11603: result: yes
configure:11626: checking how to run the C++ preprocessor
configure:11653: g++ -E  conftest.cpp
configure:11653: $? = 0
configure:11667: g++ -E  conftest.cpp
conftest.cpp:25:28: fatal error: ac_nonexistent.h: No such file or directory
compilation terminated.
configure:11667: $? = 1
configure: failed program was:
| /* confdefs.h */
| #define PACKAGE_NAME "iipsrv"
| #define PACKAGE_TARNAME "iipsrv"
| #define PACKAGE_VERSION "1.0"
| #define PACKAGE_STRING "iipsrv 1.0"
| #define PACKAGE_BUGREPORT "ruven@users.sourceforge.net"
| #define PACKAGE_URL ""
| #define PACKAGE "iipsrv"
| #define VERSION "1.0"
| #define STDC_HEADERS 1
| #define HAVE_SYS_TYPES_H 1
| #define HAVE_SYS_STAT_H 1
| #define HAVE_STDLIB_H 1
| #define HAVE_STRING_H 1
| #define HAVE_MEMORY_H 1
| #define HAVE_STRINGS_H 1
| #define HAVE_INTTYPES_H 1
| #define HAVE_STDINT_H 1
| #define HAVE_UNISTD_H 1
| #define HAVE__BOOL 1
| #define HAVE_STDBOOL_H 1
| #define HAVE_DLFCN_H 1
| #define LT_OBJDIR ".libs/"
| /* end confdefs.h.  */
| #include <ac_nonexistent.h>
configure:11692: result: g++ -E
configure:11712: g++ -E  conftest.cpp
configure:11712: $? = 0
configure:11726: g++ -E  conftest.cpp
conftest.cpp:25:28: fatal error: ac_nonexistent.h: No such file or directory
compilation terminated.
configure:11726: $? = 1
configure: failed program was:
| /* confdefs.h */
| #define PACKAGE_NAME "iipsrv"
| #define PACKAGE_TARNAME "iipsrv"
| #define PACKAGE_VERSION "1.0"
| #define PACKAGE_STRING "iipsrv 1.0"
| #define PACKAGE_BUGREPORT "ruven@users.sourceforge.net"
| #define PACKAGE_URL ""
| #define PACKAGE "iipsrv"
| #define VERSION "1.0"
| #define STDC_HEADERS 1
| #define HAVE_SYS_TYPES_H 1
| #define HAVE_SYS_STAT_H 1
| #define HAVE_STDLIB_H 1
| #define HAVE_STRING_H 1
| #define HAVE_MEMORY_H 1
| #define HAVE_STRINGS_H 1
| #define HAVE_INTTYPES_H 1
| #define HAVE_STDINT_H 1
| #define HAVE_UNISTD_H 1
| #define HAVE__BOOL 1
| #define HAVE_STDBOOL_H 1
| #define HAVE_DLFCN_H 1
| #define LT_OBJDIR ".libs/"
| /* end confdefs.h.  */
| #include <ac_nonexistent.h>
configure:11894: checking for ld used by g++
configure:11961: result: /usr/bin/ld -m elf_x86_64
configure:11968: checking if the linker (/usr/bin/ld -m elf_x86_64) is GNU ld
configure:11983: result: yes
configure:12038: checking whether the g++ linker (/usr/bin/ld -m elf_x86_64) supports shared libraries
configure:12970: result: yes
configure:12998: g++ -c -g -O2  conftest.cpp >&5
configure:13001: $? = 0
configure:13183: checking for g++ option to produce PIC
configure:13505: result: -fPIC -DPIC
configure:13514: checking if g++ PIC flag -fPIC -DPIC works
configure:13532: g++ -c -g -O2  -fPIC -DPIC -DPIC conftest.cpp >&5
configure:13536: $? = 0
configure:13549: result: yes
configure:13570: checking if g++ static flag -static works
configure:13598: result: yes
configure:13610: checking if g++ supports -c -o file.o
configure:13631: g++ -c -g -O2  -o out/conftest2.o conftest.cpp >&5
configure:13635: $? = 0
configure:13657: result: yes
configure:13662: checking if g++ supports -c -o file.o
configure:13709: result: yes
configure:13739: checking whether the g++ linker (/usr/bin/ld -m elf_x86_64) supports shared libraries
configure:13767: result: yes
configure:13910: checking dynamic linker characteristics
configure:14534: result: GNU/Linux ld.so
configure:14587: checking how to hardcode library paths into programs
configure:14612: result: immediate
configure:14675: checking glob.h usability
configure:14675: gcc -c -g -O2  conftest.c >&5
configure:14675: $? = 0
configure:14675: result: yes
configure:14675: checking glob.h presence
configure:14675: gcc -E  conftest.c
configure:14675: $? = 0
configure:14675: result: yes
configure:14675: checking for glob.h
configure:14675: result: yes
configure:14687: checking time.h usability
configure:14687: gcc -c -g -O2  conftest.c >&5
configure:14687: $? = 0
configure:14687: result: yes
configure:14687: checking time.h presence
configure:14687: gcc -E  conftest.c
configure:14687: $? = 0
configure:14687: result: yes
configure:14687: checking for time.h
configure:14687: result: yes
configure:14699: checking sys/time.h usability
configure:14699: gcc -c -g -O2  conftest.c >&5
configure:14699: $? = 0
configure:14699: result: yes
configure:14699: checking sys/time.h presence
configure:14699: gcc -E  conftest.c
configure:14699: $? = 0
configure:14699: result: yes
configure:14699: checking for sys/time.h
configure:14699: result: yes
configure:14711: checking for stdlib.h
configure:14711: result: yes
configure:14721: checking for GNU libc compatible malloc
configure:14745: gcc -o conftest -g -O2   conftest.c  >&5
configure:14745: $? = 0
configure:14745: ./conftest
configure:14745: $? = 0
configure:14755: result: yes
configure:14776: checking for log2 in -lm
configure:14801: gcc -o conftest -g -O2   conftest.c -lm   >&5
conftest.c:37:6: warning: conflicting types for built-in function 'log2' [enabled by default]
configure:14801: $? = 0
configure:14810: result: yes
configure:14819: checking for setenv
configure:14819: gcc -o conftest -g -O2   conftest.c  >&5
configure:14819: $? = 0
configure:14819: result: yes
configure:14833: checking windows.h usability
configure:14833: gcc -c -g -O2  conftest.c >&5
conftest.c:65:21: fatal error: windows.h: No such file or directory
compilation terminated.
configure:14833: $? = 1
configure: failed program was:
| /* confdefs.h */
| #define PACKAGE_NAME "iipsrv"
| #define PACKAGE_TARNAME "iipsrv"
| #define PACKAGE_VERSION "1.0"
| #define PACKAGE_STRING "iipsrv 1.0"
| #define PACKAGE_BUGREPORT "ruven@users.sourceforge.net"
| #define PACKAGE_URL ""
| #define PACKAGE "iipsrv"
| #define VERSION "1.0"
| #define STDC_HEADERS 1
| #define HAVE_SYS_TYPES_H 1
| #define HAVE_SYS_STAT_H 1
| #define HAVE_STDLIB_H 1
| #define HAVE_STRING_H 1
| #define HAVE_MEMORY_H 1
| #define HAVE_STRINGS_H 1
| #define HAVE_INTTYPES_H 1
| #define HAVE_STDINT_H 1
| #define HAVE_UNISTD_H 1
| #define HAVE__BOOL 1
| #define HAVE_STDBOOL_H 1
| #define HAVE_DLFCN_H 1
| #define LT_OBJDIR ".libs/"
| #define HAVE_GLOB_H 1
| #define HAVE_TIME_H 1
| #define HAVE_SYS_TIME_H 1
| #define HAVE_STDLIB_H 1
| #define HAVE_MALLOC 1
| #define HAVE_LOG2 1
| #define HAVE_SETENV 1
| /* end confdefs.h.  */
| #include <stdio.h>
| #ifdef HAVE_SYS_TYPES_H
| # include <sys/types.h>
| #endif
| #ifdef HAVE_SYS_STAT_H
| # include <sys/stat.h>
| #endif
| #ifdef STDC_HEADERS
| # include <stdlib.h>
| # include <stddef.h>
| #else
| # ifdef HAVE_STDLIB_H
| #  include <stdlib.h>
| # endif
| #endif
| #ifdef HAVE_STRING_H
| # if !defined STDC_HEADERS && defined HAVE_MEMORY_H
| #  include <memory.h>
| # endif
| # include <string.h>
| #endif
| #ifdef HAVE_STRINGS_H
| # include <strings.h>
| #endif
| #ifdef HAVE_INTTYPES_H
| # include <inttypes.h>
| #endif
| #ifdef HAVE_STDINT_H
| # include <stdint.h>
| #endif
| #ifdef HAVE_UNISTD_H
| # include <unistd.h>
| #endif
| #include <windows.h>
configure:14833: result: no
configure:14833: checking windows.h presence
configure:14833: gcc -E  conftest.c
conftest.c:32:21: fatal error: windows.h: No such file or directory
compilation terminated.
configure:14833: $? = 1
configure: failed program was:
| /* confdefs.h */
| #define PACKAGE_NAME "iipsrv"
| #define PACKAGE_TARNAME "iipsrv"
| #define PACKAGE_VERSION "1.0"
| #define PACKAGE_STRING "iipsrv 1.0"
| #define PACKAGE_BUGREPORT "ruven@users.sourceforge.net"
| #define PACKAGE_URL ""
| #define PACKAGE "iipsrv"
| #define VERSION "1.0"
| #define STDC_HEADERS 1
| #define HAVE_SYS_TYPES_H 1
| #define HAVE_SYS_STAT_H 1
| #define HAVE_STDLIB_H 1
| #define HAVE_STRING_H 1
| #define HAVE_MEMORY_H 1
| #define HAVE_STRINGS_H 1
| #define HAVE_INTTYPES_H 1
| #define HAVE_STDINT_H 1
| #define HAVE_UNISTD_H 1
| #define HAVE__BOOL 1
| #define HAVE_STDBOOL_H 1
| #define HAVE_DLFCN_H 1
| #define LT_OBJDIR ".libs/"
| #define HAVE_GLOB_H 1
| #define HAVE_TIME_H 1
| #define HAVE_SYS_TIME_H 1
| #define HAVE_STDLIB_H 1
| #define HAVE_MALLOC 1
| #define HAVE_LOG2 1
| #define HAVE_SETENV 1
| /* end confdefs.h.  */
| #include <windows.h>
configure:14833: result: no
configure:14833: checking for windows.h
configure:14833: result: no
configure:14853: checking for special C compiler options needed for large files
configure:14898: result: no
configure:14904: checking for _FILE_OFFSET_BITS value needed for large files
configure:14929: gcc -c -g -O2  conftest.c >&5
configure:14929: $? = 0
configure:14961: result: no
configure:15100: checking for JPEG
configure:15123: gcc -c -g -O2  conftest.c >&5
configure:15123: $? = 0
configure:15177: gcc -o conftest -g -O2   conftest.c -ljpeg  >&5
configure:15177: $? = 0
configure:15231: result: libraries -ljpeg, headers in default path
configure:15253: checking for gzopen in -lz
configure:15278: gcc -o conftest -g -O2   conftest.c -lz   >&5
configure:15278: $? = 0
configure:15287: result: yes
configure:15308: checking libmemcached/memcached.h usability
configure:15308: gcc -c -g -O2  conftest.c >&5
conftest.c:67:36: fatal error: libmemcached/memcached.h: No such file or directory
compilation terminated.
configure:15308: $? = 1
configure: failed program was:
| /* confdefs.h */
| #define PACKAGE_NAME "iipsrv"
| #define PACKAGE_TARNAME "iipsrv"
| #define PACKAGE_VERSION "1.0"
| #define PACKAGE_STRING "iipsrv 1.0"
| #define PACKAGE_BUGREPORT "ruven@users.sourceforge.net"
| #define PACKAGE_URL ""
| #define PACKAGE "iipsrv"
| #define VERSION "1.0"
| #define STDC_HEADERS 1
| #define HAVE_SYS_TYPES_H 1
| #define HAVE_SYS_STAT_H 1
| #define HAVE_STDLIB_H 1
| #define HAVE_STRING_H 1
| #define HAVE_MEMORY_H 1
| #define HAVE_STRINGS_H 1
| #define HAVE_INTTYPES_H 1
| #define HAVE_STDINT_H 1
| #define HAVE_UNISTD_H 1
| #define HAVE__BOOL 1
| #define HAVE_STDBOOL_H 1
| #define HAVE_DLFCN_H 1
| #define LT_OBJDIR ".libs/"
| #define HAVE_GLOB_H 1
| #define HAVE_TIME_H 1
| #define HAVE_SYS_TIME_H 1
| #define HAVE_STDLIB_H 1
| #define HAVE_MALLOC 1
| #define HAVE_LOG2 1
| #define HAVE_SETENV 1
| #define HAVE_JPEG 1
| #define HAVE_LIBZ 1
| /* end confdefs.h.  */
| #include <stdio.h>
| #ifdef HAVE_SYS_TYPES_H
| # include <sys/types.h>
| #endif
| #ifdef HAVE_SYS_STAT_H
| # include <sys/stat.h>
| #endif
| #ifdef STDC_HEADERS
| # include <stdlib.h>
| # include <stddef.h>
| #else
| # ifdef HAVE_STDLIB_H
| #  include <stdlib.h>
| # endif
| #endif
| #ifdef HAVE_STRING_H
| # if !defined STDC_HEADERS && defined HAVE_MEMORY_H
| #  include <memory.h>
| # endif
| # include <string.h>
| #endif
| #ifdef HAVE_STRINGS_H
| # include <strings.h>
| #endif
| #ifdef HAVE_INTTYPES_H
| # include <inttypes.h>
| #endif
| #ifdef HAVE_STDINT_H
| # include <stdint.h>
| #endif
| #ifdef HAVE_UNISTD_H
| # include <unistd.h>
| #endif
| #include <libmemcached/memcached.h>
configure:15308: result: no
configure:15308: checking libmemcached/memcached.h presence
configure:15308: gcc -E  conftest.c
conftest.c:34:36: fatal error: libmemcached/memcached.h: No such file or directory
compilation terminated.
configure:15308: $? = 1
configure: failed program was:
| /* confdefs.h */
| #define PACKAGE_NAME "iipsrv"
| #define PACKAGE_TARNAME "iipsrv"
| #define PACKAGE_VERSION "1.0"
| #define PACKAGE_STRING "iipsrv 1.0"
| #define PACKAGE_BUGREPORT "ruven@users.sourceforge.net"
| #define PACKAGE_URL ""
| #define PACKAGE "iipsrv"
| #define VERSION "1.0"
| #define STDC_HEADERS 1
| #define HAVE_SYS_TYPES_H 1
| #define HAVE_SYS_STAT_H 1
| #define HAVE_STDLIB_H 1
| #define HAVE_STRING_H 1
| #define HAVE_MEMORY_H 1
| #define HAVE_STRINGS_H 1
| #define HAVE_INTTYPES_H 1
| #define HAVE_STDINT_H 1
| #define HAVE_UNISTD_H 1
| #define HAVE__BOOL 1
| #define HAVE_STDBOOL_H 1
| #define HAVE_DLFCN_H 1
| #define LT_OBJDIR ".libs/"
| #define HAVE_GLOB_H 1
| #define HAVE_TIME_H 1
| #define HAVE_SYS_TIME_H 1
| #define HAVE_STDLIB_H 1
| #define HAVE_MALLOC 1
| #define HAVE_LOG2 1
| #define HAVE_SETENV 1
| #define HAVE_JPEG 1
| #define HAVE_LIBZ 1
| /* end confdefs.h.  */
| #include <libmemcached/memcached.h>
configure:15308: result: no
configure:15308: checking for libmemcached/memcached.h
configure:15308: result: no
configure:15404: checking for TIFF
configure:15421: gcc -c -g -O2  conftest.c >&5
configure:15421: $? = 0
configure:15468: gcc -o conftest -g -O2   conftest.c -ltiff -lm -lz  >&5
configure:15468: $? = 0
configure:15520: result: libraries -ltiff, headers in default path
configure:15544: checking lcms/lcms.h usability
configure:15544: gcc -c -g -O2  conftest.c >&5
conftest.c:68:23: fatal error: lcms/lcms.h: No such file or directory
compilation terminated.
configure:15544: $? = 1
configure: failed program was:
| /* confdefs.h */
| #define PACKAGE_NAME "iipsrv"
| #define PACKAGE_TARNAME "iipsrv"
| #define PACKAGE_VERSION "1.0"
| #define PACKAGE_STRING "iipsrv 1.0"
| #define PACKAGE_BUGREPORT "ruven@users.sourceforge.net"
| #define PACKAGE_URL ""
| #define PACKAGE "iipsrv"
| #define VERSION "1.0"
| #define STDC_HEADERS 1
| #define HAVE_SYS_TYPES_H 1
| #define HAVE_SYS_STAT_H 1
| #define HAVE_STDLIB_H 1
| #define HAVE_STRING_H 1
| #define HAVE_MEMORY_H 1
| #define HAVE_STRINGS_H 1
| #define HAVE_INTTYPES_H 1
| #define HAVE_STDINT_H 1
| #define HAVE_UNISTD_H 1
| #define HAVE__BOOL 1
| #define HAVE_STDBOOL_H 1
| #define HAVE_DLFCN_H 1
| #define LT_OBJDIR ".libs/"
| #define HAVE_GLOB_H 1
| #define HAVE_TIME_H 1
| #define HAVE_SYS_TIME_H 1
| #define HAVE_STDLIB_H 1
| #define HAVE_MALLOC 1
| #define HAVE_LOG2 1
| #define HAVE_SETENV 1
| #define HAVE_JPEG 1
| #define HAVE_LIBZ 1
| #define HAVE_TIFF 1
| /* end confdefs.h.  */
| #include <stdio.h>
| #ifdef HAVE_SYS_TYPES_H
| # include <sys/types.h>
| #endif
| #ifdef HAVE_SYS_STAT_H
| # include <sys/stat.h>
| #endif
| #ifdef STDC_HEADERS
| # include <stdlib.h>
| # include <stddef.h>
| #else
| # ifdef HAVE_STDLIB_H
| #  include <stdlib.h>
| # endif
| #endif
| #ifdef HAVE_STRING_H
| # if !defined STDC_HEADERS && defined HAVE_MEMORY_H
| #  include <memory.h>
| # endif
| # include <string.h>
| #endif
| #ifdef HAVE_STRINGS_H
| # include <strings.h>
| #endif
| #ifdef HAVE_INTTYPES_H
| # include <inttypes.h>
| #endif
| #ifdef HAVE_STDINT_H
| # include <stdint.h>
| #endif
| #ifdef HAVE_UNISTD_H
| # include <unistd.h>
| #endif
| #include <lcms/lcms.h>
configure:15544: result: no
configure:15544: checking lcms/lcms.h presence
configure:15544: gcc -E  conftest.c
conftest.c:35:23: fatal error: lcms/lcms.h: No such file or directory
compilation terminated.
configure:15544: $? = 1
configure: failed program was:
| /* confdefs.h */
| #define PACKAGE_NAME "iipsrv"
| #define PACKAGE_TARNAME "iipsrv"
| #define PACKAGE_VERSION "1.0"
| #define PACKAGE_STRING "iipsrv 1.0"
| #define PACKAGE_BUGREPORT "ruven@users.sourceforge.net"
| #define PACKAGE_URL ""
| #define PACKAGE "iipsrv"
| #define VERSION "1.0"
| #define STDC_HEADERS 1
| #define HAVE_SYS_TYPES_H 1
| #define HAVE_SYS_STAT_H 1
| #define HAVE_STDLIB_H 1
| #define HAVE_STRING_H 1
| #define HAVE_MEMORY_H 1
| #define HAVE_STRINGS_H 1
| #define HAVE_INTTYPES_H 1
| #define HAVE_STDINT_H 1
| #define HAVE_UNISTD_H 1
| #define HAVE__BOOL 1
| #define HAVE_STDBOOL_H 1
| #define HAVE_DLFCN_H 1
| #define LT_OBJDIR ".libs/"
| #define HAVE_GLOB_H 1
| #define HAVE_TIME_H 1
| #define HAVE_SYS_TIME_H 1
| #define HAVE_STDLIB_H 1
| #define HAVE_MALLOC 1
| #define HAVE_LOG2 1
| #define HAVE_SETENV 1
| #define HAVE_JPEG 1
| #define HAVE_LIBZ 1
| #define HAVE_TIFF 1
| /* end confdefs.h.  */
| #include <lcms/lcms.h>
configure:15544: result: no
configure:15544: checking for lcms/lcms.h
configure:15544: result: no
configure:15616: checking for FCGI_Accept in -lfcgi
configure:15641: gcc -o conftest -g -O2   conftest.c -lfcgi  -lz  >&5
configure:15641: $? = 0
configure:15650: result: yes
configure:15653: result: configure: found fcgi
configure:15744: WARNING: optional dynamic module loading not enabled
configure:15773: checking for /home/adam/Documents/openjpeg-2.0.1/src/lib/openjp2/openjpeg.h
configure:15787: result: yes
configure:15790: result: configure: Found OpenJPEG sources. Will compile JPEG2000 support
configure:15818: checking for get_nprocs_conf in -lc
configure:15843: gcc -o conftest -g -O2   conftest.c -lc  -lz  /home/adam/Documents/openjpeg-2.0.1/bin/libopenjp2.so -lpthread >&5
configure:15843: $? = 0
configure:15852: result: yes
configure:15876: checking for /managed/all_includes/jpx.h
configure:15890: result: no
configure:15896: result: configure: No Kakadu JPEG2000 Sources Found
configure:15921: checking for get_nprocs_conf in -lc
configure:15955: result: yes
configure:15980: checking whether g++ works
configure:15993: g++ -c -g -O2  conftest.cpp >&5
configure:15993: $? = 0
configure:15994: result: yes
configure:15998: checking whether cin has a streambuf assignment operator
configure:16011: g++ -c -g -O2  conftest.cpp >&5
conftest.cpp: In function 'int main()':
conftest.cpp:42:1: error: 'cin' was not declared in this scope
conftest.cpp:42:1: note: suggested alternative:
In file included from conftest.cpp:38:0:
/usr/include/c++/4.7/iostream:61:18: note:   'std::cin'
conftest.cpp:42:19: error: expected type-specifier before 'streambuf'
conftest.cpp:42:19: error: expected '>' before 'streambuf'
conftest.cpp:42:19: error: expected '(' before 'streambuf'
conftest.cpp:42:19: error: 'streambuf' was not declared in this scope
conftest.cpp:42:19: note: suggested alternative:
In file included from /usr/include/c++/4.7/ios:39:0,
                 from /usr/include/c++/4.7/ostream:40,
                 from /usr/include/c++/4.7/iostream:40,
                 from conftest.cpp:38:
/usr/include/c++/4.7/iosfwd:132:34: note:   'std::streambuf'
conftest.cpp:42:30: error: expected primary-expression before '>' token
conftest.cpp:42:34: error: expected ')' before ';' token
configure:16011: $? = 1
configure: failed program was:
| /* confdefs.h */
| #define PACKAGE_NAME "iipsrv"
| #define PACKAGE_TARNAME "iipsrv"
| #define PACKAGE_VERSION "1.0"
| #define PACKAGE_STRING "iipsrv 1.0"
| #define PACKAGE_BUGREPORT "ruven@users.sourceforge.net"
| #define PACKAGE_URL ""
| #define PACKAGE "iipsrv"
| #define VERSION "1.0"
| #define STDC_HEADERS 1
| #define HAVE_SYS_TYPES_H 1
| #define HAVE_SYS_STAT_H 1
| #define HAVE_STDLIB_H 1
| #define HAVE_STRING_H 1
| #define HAVE_MEMORY_H 1
| #define HAVE_STRINGS_H 1
| #define HAVE_INTTYPES_H 1
| #define HAVE_STDINT_H 1
| #define HAVE_UNISTD_H 1
| #define HAVE__BOOL 1
| #define HAVE_STDBOOL_H 1
| #define HAVE_DLFCN_H 1
| #define LT_OBJDIR ".libs/"
| #define HAVE_GLOB_H 1
| #define HAVE_TIME_H 1
| #define HAVE_SYS_TIME_H 1
| #define HAVE_STDLIB_H 1
| #define HAVE_MALLOC 1
| #define HAVE_LOG2 1
| #define HAVE_SETENV 1
| #define HAVE_JPEG 1
| #define HAVE_LIBZ 1
| #define HAVE_TIFF 1
| #define HAVE_OPENJPEG 1
| #define NPROCS 1
| #define NPROCS 1
| /* end confdefs.h.  */
| #include <iostream>
| int
| main ()
| {
| cin = static_cast<streambuf *>(0);
|   ;
|   return 0;
| }
configure:16018: result: no
configure:16022: checking whether char_type is defined in the context of streambuf
configure:16035: g++ -c -g -O2  conftest.cpp >&5
configure:16035: $? = 0
configure:16036: result: yes
configure:16061: checking for gethostbyname in -lnsl
configure:16086: gcc -o conftest -g -O2   conftest.c -lnsl  -lz  /home/adam/Documents/openjpeg-2.0.1/bin/libopenjp2.so -lpthread >&5
configure:16086: $? = 0
configure:16095: result: yes
configure:16106: checking for socket in -lsocket
configure:16131: gcc -o conftest -g -O2   conftest.c -lsocket  -lnsl -lz  /home/adam/Documents/openjpeg-2.0.1/bin/libopenjp2.so -lpthread >&5
/usr/bin/ld: cannot find -lsocket
collect2: error: ld returned 1 exit status
configure:16131: $? = 1
configure: failed program was:
| /* confdefs.h */
| #define PACKAGE_NAME "iipsrv"
| #define PACKAGE_TARNAME "iipsrv"
| #define PACKAGE_VERSION "1.0"
| #define PACKAGE_STRING "iipsrv 1.0"
| #define PACKAGE_BUGREPORT "ruven@users.sourceforge.net"
| #define PACKAGE_URL ""
| #define PACKAGE "iipsrv"
| #define VERSION "1.0"
| #define STDC_HEADERS 1
| #define HAVE_SYS_TYPES_H 1
| #define HAVE_SYS_STAT_H 1
| #define HAVE_STDLIB_H 1
| #define HAVE_STRING_H 1
| #define HAVE_MEMORY_H 1
| #define HAVE_STRINGS_H 1
| #define HAVE_INTTYPES_H 1
| #define HAVE_STDINT_H 1
| #define HAVE_UNISTD_H 1
| #define HAVE__BOOL 1
| #define HAVE_STDBOOL_H 1
| #define HAVE_DLFCN_H 1
| #define LT_OBJDIR ".libs/"
| #define HAVE_GLOB_H 1
| #define HAVE_TIME_H 1
| #define HAVE_SYS_TIME_H 1
| #define HAVE_STDLIB_H 1
| #define HAVE_MALLOC 1
| #define HAVE_LOG2 1
| #define HAVE_SETENV 1
| #define HAVE_JPEG 1
| #define HAVE_LIBZ 1
| #define HAVE_TIFF 1
| #define HAVE_OPENJPEG 1
| #define NPROCS 1
| #define NPROCS 1
| #define HAVE_STREAMBUF_CHAR_TYPE 1
| #define HAVE_LIBNSL 1
| /* end confdefs.h.  */
| 
| /* Override any GCC internal prototype to avoid an error.
|    Use char because int might match the return type of a GCC
|    builtin and then its argument prototype would still apply.  */
| #ifdef __cplusplus
| extern "C"
| #endif
| char socket ();
| int
| main ()
| {
| return socket ();
|   ;
|   return 0;
| }
configure:16140: result: no
configure:16159: checking pthread.h usability
configure:16159: gcc -c -g -O2  conftest.c >&5
configure:16159: $? = 0
configure:16159: result: yes
configure:16159: checking pthread.h presence
configure:16159: gcc -E  conftest.c
configure:16159: $? = 0
configure:16159: result: yes
configure:16159: checking for pthread.h
configure:16159: result: yes
configure:16271: checking for the pthreads library -lpthreads
configure:16304: gcc -o conftest -g -O2    conftest.c -lpthreads -lnsl -lz  /home/adam/Documents/openjpeg-2.0.1/bin/libopenjp2.so -lpthread >&5
/usr/bin/ld: cannot find -lpthreads
collect2: error: ld returned 1 exit status
configure:16304: $? = 1
configure: failed program was:
| /* confdefs.h */
| #define PACKAGE_NAME "iipsrv"
| #define PACKAGE_TARNAME "iipsrv"
| #define PACKAGE_VERSION "1.0"
| #define PACKAGE_STRING "iipsrv 1.0"
| #define PACKAGE_BUGREPORT "ruven@users.sourceforge.net"
| #define PACKAGE_URL ""
| #define PACKAGE "iipsrv"
| #define VERSION "1.0"
| #define STDC_HEADERS 1
| #define HAVE_SYS_TYPES_H 1
| #define HAVE_SYS_STAT_H 1
| #define HAVE_STDLIB_H 1
| #define HAVE_STRING_H 1
| #define HAVE_MEMORY_H 1
| #define HAVE_STRINGS_H 1
| #define HAVE_INTTYPES_H 1
| #define HAVE_STDINT_H 1
| #define HAVE_UNISTD_H 1
| #define HAVE__BOOL 1
| #define HAVE_STDBOOL_H 1
| #define HAVE_DLFCN_H 1
| #define LT_OBJDIR ".libs/"
| #define HAVE_GLOB_H 1
| #define HAVE_TIME_H 1
| #define HAVE_SYS_TIME_H 1
| #define HAVE_STDLIB_H 1
| #define HAVE_MALLOC 1
| #define HAVE_LOG2 1
| #define HAVE_SETENV 1
| #define HAVE_JPEG 1
| #define HAVE_LIBZ 1
| #define HAVE_TIFF 1
| #define HAVE_OPENJPEG 1
| #define NPROCS 1
| #define NPROCS 1
| #define HAVE_STREAMBUF_CHAR_TYPE 1
| #define HAVE_LIBNSL 1
| /* end confdefs.h.  */
| #include <pthread.h>
| int
| main ()
| {
| pthread_t th; pthread_join(th, 0);
|                      pthread_attr_init(0); pthread_cleanup_push(0, 0);
|                      pthread_create(0,0,0,0); pthread_cleanup_pop(0);
|   ;
|   return 0;
| }
configure:16313: result: no
configure:16260: checking whether pthreads work without any flags
configure:16304: gcc -o conftest -g -O2    conftest.c  -lnsl -lz  /home/adam/Documents/openjpeg-2.0.1/bin/libopenjp2.so -lpthread >&5
configure:16304: $? = 0
configure:16313: result: yes
configure:16333: checking for joinable pthread attribute
configure:16346: gcc -o conftest -g -O2    conftest.c  -lnsl -lz  /home/adam/Documents/openjpeg-2.0.1/bin/libopenjp2.so -lpthread >&5
configure:16346: $? = 0
configure:16378: result: PTHREAD_CREATE_JOINABLE
configure:16385: checking if more special flags are required for pthreads
configure:16392: result: no
configure:16404: checking for cc_r
configure:16432: result: gcc
configure:16462: checking for ssize_t
configure:16462: gcc -c -g -O2  conftest.c >&5
configure:16462: $? = 0
configure:16462: gcc -c -g -O2  conftest.c >&5
conftest.c: In function 'main':
conftest.c:76:22: error: expected expression before ')' token
configure:16462: $? = 1
configure: failed program was:
| /* confdefs.h */
| #define PACKAGE_NAME "iipsrv"
| #define PACKAGE_TARNAME "iipsrv"
| #define PACKAGE_VERSION "1.0"
| #define PACKAGE_STRING "iipsrv 1.0"
| #define PACKAGE_BUGREPORT "ruven@users.sourceforge.net"
| #define PACKAGE_URL ""
| #define PACKAGE "iipsrv"
| #define VERSION "1.0"
| #define STDC_HEADERS 1
| #define HAVE_SYS_TYPES_H 1
| #define HAVE_SYS_STAT_H 1
| #define HAVE_STDLIB_H 1
| #define HAVE_STRING_H 1
| #define HAVE_MEMORY_H 1
| #define HAVE_STRINGS_H 1
| #define HAVE_INTTYPES_H 1
| #define HAVE_STDINT_H 1
| #define HAVE_UNISTD_H 1
| #define HAVE__BOOL 1
| #define HAVE_STDBOOL_H 1
| #define HAVE_DLFCN_H 1
| #define LT_OBJDIR ".libs/"
| #define HAVE_GLOB_H 1
| #define HAVE_TIME_H 1
| #define HAVE_SYS_TIME_H 1
| #define HAVE_STDLIB_H 1
| #define HAVE_MALLOC 1
| #define HAVE_LOG2 1
| #define HAVE_SETENV 1
| #define HAVE_JPEG 1
| #define HAVE_LIBZ 1
| #define HAVE_TIFF 1
| #define HAVE_OPENJPEG 1
| #define NPROCS 1
| #define NPROCS 1
| #define HAVE_STREAMBUF_CHAR_TYPE 1
| #define HAVE_LIBNSL 1
| /* end confdefs.h.  */
| #include <stdio.h>
| #ifdef HAVE_SYS_TYPES_H
| # include <sys/types.h>
| #endif
| #ifdef HAVE_SYS_STAT_H
| # include <sys/stat.h>
| #endif
| #ifdef STDC_HEADERS
| # include <stdlib.h>
| # include <stddef.h>
| #else
| # ifdef HAVE_STDLIB_H
| #  include <stdlib.h>
| # endif
| #endif
| #ifdef HAVE_STRING_H
| # if !defined STDC_HEADERS && defined HAVE_MEMORY_H
| #  include <memory.h>
| # endif
| # include <string.h>
| #endif
| #ifdef HAVE_STRINGS_H
| # include <strings.h>
| #endif
| #ifdef HAVE_INTTYPES_H
| # include <inttypes.h>
| #endif
| #ifdef HAVE_STDINT_H
| # include <stdint.h>
| #endif
| #ifdef HAVE_UNISTD_H
| # include <unistd.h>
| #endif
| int
| main ()
| {
| if (sizeof ((ssize_t)))
| 	    return 0;
|   ;
|   return 0;
| }
configure:16462: result: yes
configure:16474: checking for sun_len in sys/un.h
configure:16489: result: no
configure:16495: checking for fpos_t in stdio.h
configure:16504: result: yes
configure:16519: checking sys/socket.h usability
configure:16519: gcc -c -g -O2  conftest.c >&5
configure:16519: $? = 0
configure:16519: result: yes
configure:16519: checking sys/socket.h presence
configure:16519: gcc -E  conftest.c
configure:16519: $? = 0
configure:16519: result: yes
configure:16519: checking for sys/socket.h
configure:16519: result: yes
configure:16519: checking netdb.h usability
configure:16519: gcc -c -g -O2  conftest.c >&5
configure:16519: $? = 0
configure:16519: result: yes
configure:16519: checking netdb.h presence
configure:16519: gcc -E  conftest.c
configure:16519: $? = 0
configure:16519: result: yes
configure:16519: checking for netdb.h
configure:16519: result: yes
configure:16519: checking netinet/in.h usability
configure:16519: gcc -c -g -O2  conftest.c >&5
configure:16519: $? = 0
configure:16519: result: yes
configure:16519: checking netinet/in.h presence
configure:16519: gcc -E  conftest.c
configure:16519: $? = 0
configure:16519: result: yes
configure:16519: checking for netinet/in.h
configure:16519: result: yes
configure:16519: checking arpa/inet.h usability
configure:16519: gcc -c -g -O2  conftest.c >&5
configure:16519: $? = 0
configure:16519: result: yes
configure:16519: checking arpa/inet.h presence
configure:16519: gcc -E  conftest.c
configure:16519: $? = 0
configure:16519: result: yes
configure:16519: checking for arpa/inet.h
configure:16519: result: yes
configure:16532: checking for sys/time.h
configure:16532: result: yes
configure:16532: checking limits.h usability
configure:16532: gcc -c -g -O2  conftest.c >&5
configure:16532: $? = 0
configure:16532: result: yes
configure:16532: checking limits.h presence
configure:16532: gcc -E  conftest.c
configure:16532: $? = 0
configure:16532: result: yes
configure:16532: checking for limits.h
configure:16532: result: yes
configure:16532: checking sys/param.h usability
configure:16532: gcc -c -g -O2  conftest.c >&5
configure:16532: $? = 0
configure:16532: result: yes
configure:16532: checking sys/param.h presence
configure:16532: gcc -E  conftest.c
configure:16532: $? = 0
configure:16532: result: yes
configure:16532: checking for sys/param.h
configure:16532: result: yes
configure:16532: checking for unistd.h
configure:16532: result: yes
configure:16543: checking for a fileno() prototype in stdio.h
configure:16552: result: yes
configure:16590: checking whether cross-process locking is required by accept()
configure:16601: result: no
configure:16610: checking whether va_arg(arg, long double) crashes the compiler
configure:16623: gcc -c -g -O2  conftest.c >&5
configure:16623: $? = 0
configure:16624: result: no
configure:16635: checking for an ANSI C-conforming const
configure:16701: gcc -c -g -O2  conftest.c >&5
configure:16701: $? = 0
configure:16708: result: yes
configure:16718: checking for strerror
configure:16718: gcc -o conftest -g -O2   conftest.c -lnsl -lz  /home/adam/Documents/openjpeg-2.0.1/bin/libopenjp2.so -lpthread >&5
configure:16718: $? = 0
configure:16718: result: yes
configure:16733: checking for inline
configure:16757: result: inline
configure:16786: checking for C compiler warning flags
configure:16858: result: -Wall
configure:16864: checking whether make sets $(MAKE)
configure:16886: result: yes
configure:17079: creating ./config.status

## ---------------- ##
## Cache variables. ##
## ---------------- ##

ac_cv_build=x86_64-unknown-linux-gnu
ac_cv_c_compiler_gnu=yes
ac_cv_c_const=yes
ac_cv_c_inline=inline
ac_cv_cxx_compiler_gnu=yes
ac_cv_env_CCC_set=
ac_cv_env_CCC_value=
ac_cv_env_CC_set=
ac_cv_env_CC_value=
ac_cv_env_CFLAGS_set=
ac_cv_env_CFLAGS_value=
ac_cv_env_CPPFLAGS_set=
ac_cv_env_CPPFLAGS_value=
ac_cv_env_CPP_set=
ac_cv_env_CPP_value=
ac_cv_env_CXXCPP_set=
ac_cv_env_CXXCPP_value=
ac_cv_env_CXXFLAGS_set=
ac_cv_env_CXXFLAGS_value=
ac_cv_env_CXX_set=
ac_cv_env_CXX_value=
ac_cv_env_LDFLAGS_set=
ac_cv_env_LDFLAGS_value=
ac_cv_env_LIBS_set=
ac_cv_env_LIBS_value=
ac_cv_env_build_alias_set=
ac_cv_env_build_alias_value=
ac_cv_env_host_alias_set=
ac_cv_env_host_alias_value=
ac_cv_env_target_alias_set=
ac_cv_env_target_alias_value=
ac_cv_file__home_adam_Documents_openjpeg_2_0_1_src_lib_openjp2_openjpeg_h=yes
ac_cv_file__managed_all_includes_jpx_h=no
ac_cv_func_malloc_0_nonnull=yes
ac_cv_func_setenv=yes
ac_cv_func_strerror=yes
ac_cv_header_arpa_inet_h=yes
ac_cv_header_dlfcn_h=yes
ac_cv_header_glob_h=yes
ac_cv_header_inttypes_h=yes
ac_cv_header_lcms_lcms_h=no
ac_cv_header_libmemcached_memcached_h=no
ac_cv_header_limits_h=yes
ac_cv_header_memory_h=yes
ac_cv_header_netdb_h=yes
ac_cv_header_netinet_in_h=yes
ac_cv_header_pthread_h=yes
ac_cv_header_stdbool_h=yes
ac_cv_header_stdc=yes
ac_cv_header_stdint_h=yes
ac_cv_header_stdlib_h=yes
ac_cv_header_string_h=yes
ac_cv_header_strings_h=yes
ac_cv_header_sys_param_h=yes
ac_cv_header_sys_socket_h=yes
ac_cv_header_sys_stat_h=yes
ac_cv_header_sys_time_h=yes
ac_cv_header_sys_types_h=yes
ac_cv_header_time_h=yes
ac_cv_header_unistd_h=yes
ac_cv_header_windows_h=no
ac_cv_host=x86_64-unknown-linux-gnu
ac_cv_lib_c_get_nprocs_conf=yes
ac_cv_lib_fcgi_FCGI_Accept=yes
ac_cv_lib_m_log2=yes
ac_cv_lib_nsl_gethostbyname=yes
ac_cv_lib_socket_socket=no
ac_cv_lib_z_gzopen=yes
ac_cv_objext=o
ac_cv_path_EGREP='/bin/grep -E'
ac_cv_path_FGREP='/bin/grep -F'
ac_cv_path_GREP=/bin/grep
ac_cv_path_SED=/bin/sed
ac_cv_path_install='/usr/bin/install -c'
ac_cv_path_mkdir=/bin/mkdir
ac_cv_prog_AWK=mawk
ac_cv_prog_CPP='gcc -E'
ac_cv_prog_CXXCPP='g++ -E'
ac_cv_prog_PTHREAD_CC=gcc
ac_cv_prog_ac_ct_AR=ar
ac_cv_prog_ac_ct_CC=gcc
ac_cv_prog_ac_ct_CXX=g++
ac_cv_prog_ac_ct_OBJDUMP=objdump
ac_cv_prog_ac_ct_RANLIB=ranlib
ac_cv_prog_ac_ct_STRIP=strip
ac_cv_prog_cc_c89=
ac_cv_prog_cc_g=yes
ac_cv_prog_cc_gcc_c_o=yes
ac_cv_prog_cc_warnings=-Wall
ac_cv_prog_cxx_g=yes
ac_cv_prog_make_make_set=yes
ac_cv_sys_file_offset_bits=no
ac_cv_sys_largefile_CC=no
ac_cv_type__Bool=yes
ac_cv_type_size_t=yes
ac_cv_type_ssize_t=yes
am_cv_CC_dependencies_compiler_type=gcc3
am_cv_CXX_dependencies_compiler_type=gcc3
lt_cv_archive_cmds_need_lc=no
lt_cv_deplibs_check_method=pass_all
lt_cv_file_magic_cmd='$MAGIC_CMD'
lt_cv_file_magic_test_file=
lt_cv_ld_reload_flag=-r
lt_cv_nm_interface='BSD nm'
lt_cv_objdir=.libs
lt_cv_path_LD=/usr/bin/ld
lt_cv_path_LDCXX='/usr/bin/ld -m elf_x86_64'
lt_cv_path_NM='/usr/bin/nm -B'
lt_cv_prog_compiler_c_o=yes
lt_cv_prog_compiler_c_o_CXX=yes
lt_cv_prog_compiler_pic_works=yes
lt_cv_prog_compiler_pic_works_CXX=yes
lt_cv_prog_compiler_rtti_exceptions=no
lt_cv_prog_compiler_static_works=yes
lt_cv_prog_compiler_static_works_CXX=yes
lt_cv_prog_gnu_ld=yes
lt_cv_prog_gnu_ldcxx=yes
lt_cv_shlibpath_overrides_runpath=no
lt_cv_sys_global_symbol_pipe='sed -n -e '\''s/^.*[	 ]\([ABCDGIRSTW][ABCDGIRSTW]*\)[	 ][	 ]*\([_A-Za-z][_A-Za-z0-9]*\)$/\1 \2 \2/p'\'''
lt_cv_sys_global_symbol_to_c_name_address='sed -n -e '\''s/^: \([^ ]*\) $/  {\"\1\", (void *) 0},/p'\'' -e '\''s/^[ABCDGIRSTW]* \([^ ]*\) \([^ ]*\)$/  {"\2", (void *) \&\2},/p'\'''
lt_cv_sys_global_symbol_to_c_name_address_lib_prefix='sed -n -e '\''s/^: \([^ ]*\) $/  {\"\1\", (void *) 0},/p'\'' -e '\''s/^[ABCDGIRSTW]* \([^ ]*\) \(lib[^ ]*\)$/  {"\2", (void *) \&\2},/p'\'' -e '\''s/^[ABCDGIRSTW]* \([^ ]*\) \([^ ]*\)$/  {"lib\2", (void *) \&\2},/p'\'''
lt_cv_sys_global_symbol_to_cdecl='sed -n -e '\''s/^T .* \(.*\)$/extern int \1();/p'\'' -e '\''s/^[ABCDGIRSTW]* .* \(.*\)$/extern char \1;/p'\'''
lt_cv_sys_max_cmd_len=3458764513820540925

## ----------------- ##
## Output variables. ##
## ----------------- ##

ACLOCAL='${SHELL} /home/adam/Documents/iipsrv-master/missing --run aclocal-1.11'
AMDEPBACKSLASH='\'
AMDEP_FALSE='#'
AMDEP_TRUE=''
AMTAR='$${TAR-tar}'
AR='ar'
AUTOCONF='${SHELL} /home/adam/Documents/iipsrv-master/missing --run autoconf'
AUTOHEADER='${SHELL} /home/adam/Documents/iipsrv-master/missing --run autoheader'
AUTOMAKE='${SHELL} /home/adam/Documents/iipsrv-master/missing --run automake-1.11'
AWK='mawk'
CC='gcc'
CCDEPMODE='depmode=gcc3'
CFLAGS='-g -O2 -Wall'
CPP='gcc -E'
CPPFLAGS=''
CXX='g++'
CXXCPP='g++ -E'
CXXDEPMODE='depmode=gcc3'
CXXFLAGS='-g -O2'
CYGPATH_W='echo'
DEFS='-DPACKAGE_NAME=\"iipsrv\" -DPACKAGE_TARNAME=\"iipsrv\" -DPACKAGE_VERSION=\"1.0\" -DPACKAGE_STRING=\"iipsrv\ 1.0\" -DPACKAGE_BUGREPORT=\"ruven@users.sourceforge.net\" -DPACKAGE_URL=\"\" -DPACKAGE=\"iipsrv\" -DVERSION=\"1.0\" -DSTDC_HEADERS=1 -DHAVE_SYS_TYPES_H=1 -DHAVE_SYS_STAT_H=1 -DHAVE_STDLIB_H=1 -DHAVE_STRING_H=1 -DHAVE_MEMORY_H=1 -DHAVE_STRINGS_H=1 -DHAVE_INTTYPES_H=1 -DHAVE_STDINT_H=1 -DHAVE_UNISTD_H=1 -DHAVE__BOOL=1 -DHAVE_STDBOOL_H=1 -DHAVE_DLFCN_H=1 -DLT_OBJDIR=\".libs/\" -DHAVE_GLOB_H=1 -DHAVE_TIME_H=1 -DHAVE_SYS_TIME_H=1 -DHAVE_STDLIB_H=1 -DHAVE_MALLOC=1 -DHAVE_LOG2=1 -DHAVE_SETENV=1 -DHAVE_JPEG=1 -DHAVE_LIBZ=1 -DHAVE_TIFF=1 -DHAVE_OPENJPEG=1 -DNPROCS=1 -DNPROCS=1 -DHAVE_STREAMBUF_CHAR_TYPE=1 -DHAVE_LIBNSL=1 -DHAVE_FPOS=1 -DHAVE_SYS_SOCKET_H=1 -DHAVE_NETDB_H=1 -DHAVE_NETINET_IN_H=1 -DHAVE_ARPA_INET_H=1 -DHAVE_SYS_TIME_H=1 -DHAVE_LIMITS_H=1 -DHAVE_SYS_PARAM_H=1 -DHAVE_UNISTD_H=1 -DHAVE_FILENO_PROTO=1 -DHAVE_STRERROR=1'
DEPDIR='.deps'
DL_LIBS=''
DSYMUTIL=''
DUMPBIN=''
ECHO_C=''
ECHO_CPP='echo-cpp'
ECHO_N='-n'
ECHO_T=''
EGREP='/bin/grep -E'
ENABLE_KAKADU_FALSE=''
ENABLE_KAKADU_TRUE='#'
ENABLE_MODULES_FALSE=''
ENABLE_MODULES_TRUE='#'
ENABLE_OPENJPEG_FALSE='#'
ENABLE_OPENJPEG_TRUE=''
EXEEXT=''
EXTRAS='OpenJPEGImage.o'
FGREP='/bin/grep -F'
GREP='/bin/grep'
INCLUDES=' -I/home/adam/Documents/openjpeg-2.0.1/src/lib/openjp2/ -I. -I.'
INSTALL_DATA='${INSTALL} -m 644'
INSTALL_PROGRAM='${INSTALL}'
INSTALL_SCRIPT='${INSTALL}'
INSTALL_STRIP_PROGRAM='$(install_sh) -c -s'
JPEG_INCLUDES=''
JPEG_LIBS='-ljpeg'
LD='/usr/bin/ld -m elf_x86_64'
LDFLAGS=''
LIBFCGIXX='libfcgi++.la'
LIBFCGI_INCLUDES='-I'
LIBFCGI_LDFLAGS=''
LIBFCGI_LIBS='-lfcgi'
LIBOBJS=''
LIBS='-lnsl -lz  /home/adam/Documents/openjpeg-2.0.1/bin/libopenjp2.so -lpthread'
LIBTOOL='$(SHELL) $(top_builddir)/libtool'
LIPO=''
LN_S='ln -s'
LTLIBOBJS=''
MAKEINFO='${SHELL} /home/adam/Documents/iipsrv-master/missing --run makeinfo'
MKDIR_P='/bin/mkdir -p'
NM='/usr/bin/nm -B'
NMEDIT=''
OBJDUMP='objdump'
OBJEXT='o'
OTOOL64=''
OTOOL=''
PACKAGE='iipsrv'
PACKAGE_BUGREPORT='ruven@users.sourceforge.net'
PACKAGE_NAME='iipsrv'
PACKAGE_STRING='iipsrv 1.0'
PACKAGE_TARNAME='iipsrv'
PACKAGE_URL=''
PACKAGE_VERSION='1.0'
PATH_SEPARATOR=':'
PTHREAD_CC='gcc'
PTHREAD_CFLAGS=''
PTHREAD_LIBS=''
RANLIB='ranlib'
SED='/bin/sed'
SET_MAKE=''
SHELL='/bin/bash'
STRIP='strip'
SYSTEM='unix'
THREADED='threaded'
TIFF_INCLUDES=''
TIFF_LIBS='-ltiff'
VERSION='1.0'
ac_ct_CC='gcc'
ac_ct_CXX='g++'
ac_ct_DUMPBIN=''
am__EXEEXT_FALSE=''
am__EXEEXT_TRUE='#'
am__fastdepCC_FALSE='#'
am__fastdepCC_TRUE=''
am__fastdepCXX_FALSE='#'
am__fastdepCXX_TRUE=''
am__include='include'
am__isrc=''
am__leading_dot='.'
am__nodep='_no'
am__quote=''
am__tar='$${TAR-tar} chof - "$$tardir"'
am__untar='$${TAR-tar} xf -'
bindir='${exec_prefix}/bin'
build='x86_64-unknown-linux-gnu'
build_alias=''
build_cpu='x86_64'
build_os='linux-gnu'
build_vendor='unknown'
datadir='${datarootdir}'
datarootdir='${prefix}/share'
docdir='${datarootdir}/doc/${PACKAGE_TARNAME}'
dvidir='${docdir}'
exec_prefix='${prefix}'
host='x86_64-unknown-linux-gnu'
host_alias=''
host_cpu='x86_64'
host_os='linux-gnu'
host_vendor='unknown'
htmldir='${docdir}'
includedir='${prefix}/include'
infodir='${datarootdir}/info'
install_sh='${SHELL} /home/adam/Documents/iipsrv-master/install-sh'
libdir='${exec_prefix}/lib'
libexecdir='${exec_prefix}/libexec'
localedir='${datarootdir}/locale'
localstatedir='${prefix}/var'
mandir='${datarootdir}/man'
mkdir_p='/bin/mkdir -p'
oldincludedir='/usr/include'
pdfdir='${docdir}'
prefix='/home/adam/Documents/iipsrv-master'
program_transform_name='s,x,x,'
psdir='${docdir}'
sbindir='${exec_prefix}/sbin'
sharedstatedir='${prefix}/com'
sysconfdir='${prefix}/etc'
target_alias=''

## ----------- ##
## confdefs.h. ##
## ----------- ##

/* confdefs.h */
#define PACKAGE_NAME "iipsrv"
#define PACKAGE_TARNAME "iipsrv"
#define PACKAGE_VERSION "1.0"
#define PACKAGE_STRING "iipsrv 1.0"
#define PACKAGE_BUGREPORT "ruven@users.sourceforge.net"
#define PACKAGE_URL ""
#define PACKAGE "iipsrv"
#define VERSION "1.0"
#define STDC_HEADERS 1
#define HAVE_SYS_TYPES_H 1
#define HAVE_SYS_STAT_H 1
#define HAVE_STDLIB_H 1
#define HAVE_STRING_H 1
#define HAVE_MEMORY_H 1
#define HAVE_STRINGS_H 1
#define HAVE_INTTYPES_H 1
#define HAVE_STDINT_H 1
#define HAVE_UNISTD_H 1
#define HAVE__BOOL 1
#define HAVE_STDBOOL_H 1
#define HAVE_DLFCN_H 1
#define LT_OBJDIR ".libs/"
#define HAVE_GLOB_H 1
#define HAVE_TIME_H 1
#define HAVE_SYS_TIME_H 1
#define HAVE_STDLIB_H 1
#define HAVE_MALLOC 1
#define HAVE_LOG2 1
#define HAVE_SETENV 1
#define HAVE_JPEG 1
#define HAVE_LIBZ 1
#define HAVE_TIFF 1
#define HAVE_OPENJPEG 1
#define NPROCS 1
#define NPROCS 1
#define HAVE_STREAMBUF_CHAR_TYPE 1
#define HAVE_LIBNSL 1
#define HAVE_FPOS 1
#define HAVE_SYS_SOCKET_H 1
#define HAVE_NETDB_H 1
#define HAVE_NETINET_IN_H 1
#define HAVE_ARPA_INET_H 1
#define HAVE_SYS_TIME_H 1
#define HAVE_LIMITS_H 1
#define HAVE_SYS_PARAM_H 1
#define HAVE_UNISTD_H 1
#define HAVE_FILENO_PROTO 1
#define HAVE_STRERROR 1

configure: exit 0

## ---------------------- ##
## Running config.status. ##
## ---------------------- ##

This file was extended by iipsrv config.status 1.0, which was
generated by GNU Autoconf 2.69.  Invocation command line was

  CONFIG_FILES    = 
  CONFIG_HEADERS  = 
  CONFIG_LINKS    = 
  CONFIG_COMMANDS = 
  $ ./config.status 

on adam-PC

config.status:1081: creating Makefile
config.status:1081: creating src/Makefile
config.status:1081: creating man/Makefile
config.status:1081: creating fcgi/Makefile
config.status:1081: creating fcgi/include/Makefile
config.status:1081: creating fcgi/libfcgi/Makefile
config.status:1253: executing depfiles commands
config.status:1253: executing libtool commands
